<?xml version="1.0" encoding="UTF-8"?>
<!-- Generated by org.testng.reporters.JUnitXMLReporter -->
<testsuite hostname="DESKTOP-D1JB4FP" ignored="1" name="Default test(failed)" tests="2" failures="0" timestamp="28 May 2010 04:33:07 GMT" time="0.04" errors="0">
  <testcase name="test1" time="0.009" classname="org.selenium.AssertionClass"/>
  <testcase name="test3" time="0.001" classname="org.selenium.AssertionClass"/>
  <testcase name="test2" time="0.0" classname="org.selenium.AssertionClass">
    <ignored/>
  </testcase> <!-- test2 -->
</testsuite> <!-- Default test(failed) -->
