<?xml version="1.0" encoding="UTF-8"?>
<!-- Generated by org.testng.reporters.JUnitXMLReporter -->
<testsuite hostname="DESKTOP-D1JB4FP" ignored="0" name="Default test" tests="3" failures="0" timestamp="28 May 2010 04:55:27 GMT" time="0.049" errors="0">
  <testcase name="test2" time="0.008" classname="org.selenium.TestNgClass1"/>
  <testcase name="test3" time="0.002" classname="org.selenium.TestNgClass1"/>
  <testcase name="test1" time="0.002" classname="org.selenium.TestNgClass1"/>
</testsuite> <!-- Default test -->
