<?xml version="1.0" encoding="UTF-8"?>
<testng-results skipped="0" failed="0" ignored="0" total="3" passed="3">
  <reporter-output>
  </reporter-output>
  <suite name="Default suite" duration-ms="49" started-at="2010-05-28T04:55:27Z" finished-at="2010-05-28T04:55:27Z">
    <groups>
    </groups>
    <test name="Default test" duration-ms="49" started-at="2010-05-28T04:55:27Z" finished-at="2010-05-28T04:55:27Z">
      <class name="org.selenium.TestNgClass1">
        <test-method status="PASS" signature="LaunchBrowser()[pri:0, instance:org.selenium.TestNgClass1@366e2eef]" name="LaunchBrowser" is-config="true" duration-ms="7" started-at="2010-05-28T04:55:27Z" finished-at="2010-05-28T04:55:27Z">
          <reporter-output>
          </reporter-output>
        </test-method> <!-- LaunchBrowser -->
        <test-method status="PASS" signature="test2()[pri:0, instance:org.selenium.TestNgClass1@366e2eef]" name="test2" duration-ms="8" started-at="2010-05-28T04:55:27Z" finished-at="2010-05-28T04:55:27Z">
          <reporter-output>
          </reporter-output>
        </test-method> <!-- test2 -->
        <test-method status="PASS" signature="startTime()[pri:0, instance:org.selenium.TestNgClass1@366e2eef]" name="startTime" is-config="true" duration-ms="0" started-at="2010-05-28T04:55:27Z" finished-at="2010-05-28T04:55:27Z">
          <reporter-output>
          </reporter-output>
        </test-method> <!-- startTime -->
        <test-method status="PASS" signature="endTime()[pri:0, instance:org.selenium.TestNgClass1@366e2eef]" name="endTime" is-config="true" duration-ms="1" started-at="2010-05-28T04:55:27Z" finished-at="2010-05-28T04:55:27Z">
          <reporter-output>
          </reporter-output>
        </test-method> <!-- endTime -->
        <test-method status="PASS" signature="startTime()[pri:0, instance:org.selenium.TestNgClass1@366e2eef]" name="startTime" is-config="true" duration-ms="0" started-at="2010-05-28T04:55:27Z" finished-at="2010-05-28T04:55:27Z">
          <reporter-output>
          </reporter-output>
        </test-method> <!-- startTime -->
        <test-method status="PASS" signature="test3()[pri:0, instance:org.selenium.TestNgClass1@366e2eef]" name="test3" duration-ms="2" started-at="2010-05-28T04:55:27Z" finished-at="2010-05-28T04:55:27Z">
          <reporter-output>
          </reporter-output>
        </test-method> <!-- test3 -->
        <test-method status="PASS" signature="endTime()[pri:0, instance:org.selenium.TestNgClass1@366e2eef]" name="endTime" is-config="true" duration-ms="0" started-at="2010-05-28T04:55:27Z" finished-at="2010-05-28T04:55:27Z">
          <reporter-output>
          </reporter-output>
        </test-method> <!-- endTime -->
        <test-method status="PASS" signature="test1()[pri:0, instance:org.selenium.TestNgClass1@366e2eef]" name="test1" duration-ms="2" started-at="2010-05-28T04:55:27Z" depends-on-methods="org.selenium.TestNgClass1.test2" finished-at="2010-05-28T04:55:27Z">
          <reporter-output>
          </reporter-output>
        </test-method> <!-- test1 -->
        <test-method status="PASS" signature="startTime()[pri:0, instance:org.selenium.TestNgClass1@366e2eef]" name="startTime" is-config="true" duration-ms="0" started-at="2010-05-28T04:55:27Z" finished-at="2010-05-28T04:55:27Z">
          <reporter-output>
          </reporter-output>
        </test-method> <!-- startTime -->
        <test-method status="PASS" signature="closeBrowser()[pri:0, instance:org.selenium.TestNgClass1@366e2eef]" name="closeBrowser" is-config="true" duration-ms="2" started-at="2010-05-28T04:55:27Z" finished-at="2010-05-28T04:55:27Z">
          <reporter-output>
          </reporter-output>
        </test-method> <!-- closeBrowser -->
        <test-method status="PASS" signature="endTime()[pri:0, instance:org.selenium.TestNgClass1@366e2eef]" name="endTime" is-config="true" duration-ms="0" started-at="2010-05-28T04:55:27Z" finished-at="2010-05-28T04:55:27Z">
          <reporter-output>
          </reporter-output>
        </test-method> <!-- endTime -->
      </class> <!-- org.selenium.TestNgClass1 -->
    </test> <!-- Default test -->
  </suite> <!-- Default suite -->
</testng-results>
